[debug] [2026-06-30T01:44:49.445Z] ----------------------------------------------------------------------
[debug] [2026-06-30T01:44:49.447Z] Command:       /home/sathish/.nvm/versions/node/v24.18.0/bin/node /home/sathish/.nvm/versions/node/v24.18.0/bin/firebase init apphosting
[debug] [2026-06-30T01:44:49.447Z] CLI Version:   15.22.3
[debug] [2026-06-30T01:44:49.447Z] Platform:      linux
[debug] [2026-06-30T01:44:49.447Z] Node Version:  v24.18.0
[debug] [2026-06-30T01:44:49.448Z] Detected Agent: unknown
[debug] [2026-06-30T01:44:49.448Z] Time:          Tue Jun 30 2026 07:14:49 GMT+0530 (India Standard Time)
[debug] [2026-06-30T01:44:49.448Z] ----------------------------------------------------------------------
[debug] 
[info] 
     ######## #### ########  ######## ########     ###     ######  ########
     ##        ##  ##     ## ##       ##     ##  ##   ##  ##       ##
     ######    ##  ########  ######   ########  #########  ######  ######
     ##        ##  ##    ##  ##       ##     ## ##     ##       ## ##
     ##       #### ##     ## ######## ########  ##     ##  ######  ########

You're about to initialize a Firebase project in this directory:

  /home/sathish/Desktop/projects/apex

[info] 
=== Project Setup
[info] 
[info] First, let's associate this project directory with a Firebase project.
[info] You can create multiple project aliases by running firebase use --add, 
[info] 
[debug] [2026-06-30T01:44:51.886Z] > command requires scopes: ["email","openid","https://www.googleapis.com/auth/cloudplatformprojects.readonly","https://www.googleapis.com/auth/firebase","https://www.googleapis.com/auth/cloud-platform"]
[debug] [2026-06-30T01:44:51.887Z] > authorizing via signed-in user (saicharan@apextechsoftwareinstitute.com)
[debug] [2026-06-30T01:44:51.890Z] Checked if tokens are valid: true, expires at: 1782787469485
[debug] [2026-06-30T01:44:51.891Z] Checked if tokens are valid: true, expires at: 1782787469485
[debug] [2026-06-30T01:44:51.895Z] >>> [apiv2][query] GET https://firebase.googleapis.com/v1beta1/availableProjects pageSize=100
[debug] [2026-06-30T01:44:52.633Z] <<< [apiv2][status] GET https://firebase.googleapis.com/v1beta1/availableProjects 200
[debug] [2026-06-30T01:44:52.634Z] <<< [apiv2][body] GET https://firebase.googleapis.com/v1beta1/availableProjects [omitted]
[debug] [2026-06-30T01:45:05.652Z] Checked if tokens are valid: true, expires at: 1782787469485
[debug] [2026-06-30T01:45:05.653Z] Checked if tokens are valid: true, expires at: 1782787469485
[debug] [2026-06-30T01:45:05.654Z] >>> [apiv2][query] POST https://firebase.googleapis.com/v1beta1/projects/apex-501001:addFirebase [none]
[debug] [2026-06-30T01:45:06.316Z] <<< [apiv2][status] POST https://firebase.googleapis.com/v1beta1/projects/apex-501001:addFirebase 403
[debug] [2026-06-30T01:45:06.317Z] <<< [apiv2][body] POST https://firebase.googleapis.com/v1beta1/projects/apex-501001:addFirebase {"error":{"code":403,"message":"The caller does not have permission","status":"PERMISSION_DENIED"}}
[debug] [2026-06-30T01:45:06.320Z] Request to https://firebase.googleapis.com/v1beta1/projects/apex-501001:addFirebase had HTTP Error: 403, The caller does not have permission
[debug] [2026-06-30T01:45:06.463Z] FirebaseError: Request to https://firebase.googleapis.com/v1beta1/projects/apex-501001:addFirebase had HTTP Error: 403, The caller does not have permission
    at responseToError (/home/sathish/.nvm/versions/node/v24.18.0/lib/node_modules/firebase-tools/lib/responseToError.js:53:12)
    at RetryOperation._fn (/home/sathish/.nvm/versions/node/v24.18.0/lib/node_modules/firebase-tools/lib/apiv2.js:381:77)
    at process.processTicksAndRejections (node:internal/process/task_queues:104:5)
[error] 
[error] Error: Failed to add Firebase to Google Cloud Platform project. See firebase-debug.log for more info.
[debug] [2026-06-30T01:45:22.427Z] ----------------------------------------------------------------------
[debug] [2026-06-30T01:45:22.429Z] Command:       /home/sathish/.nvm/versions/node/v24.18.0/bin/node /home/sathish/.nvm/versions/node/v24.18.0/bin/firebase init apphosting
[debug] [2026-06-30T01:45:22.429Z] CLI Version:   15.22.3
[debug] [2026-06-30T01:45:22.429Z] Platform:      linux
[debug] [2026-06-30T01:45:22.430Z] Node Version:  v24.18.0
[debug] [2026-06-30T01:45:22.430Z] Detected Agent: unknown
[debug] [2026-06-30T01:45:22.430Z] Time:          Tue Jun 30 2026 07:15:22 GMT+0530 (India Standard Time)
[debug] [2026-06-30T01:45:22.430Z] ----------------------------------------------------------------------
[debug] 
[info] 
     ######## #### ########  ######## ########     ###     ######  ########
     ##        ##  ##     ## ##       ##     ##  ##   ##  ##       ##
     ######    ##  ########  ######   ########  #########  ######  ######
     ##        ##  ##    ##  ##       ##     ## ##     ##       ## ##
     ##       #### ##     ## ######## ########  ##     ##  ######  ########

You're about to initialize a Firebase project in this directory:

  /home/sathish/Desktop/projects/apex

[info] 
=== Project Setup
[info] 
[info] First, let's associate this project directory with a Firebase project.
[info] You can create multiple project aliases by running firebase use --add, 
[info] 
[debug] [2026-06-30T01:45:24.511Z] > command requires scopes: ["email","openid","https://www.googleapis.com/auth/cloudplatformprojects.readonly","https://www.googleapis.com/auth/firebase","https://www.googleapis.com/auth/cloud-platform"]
[debug] [2026-06-30T01:45:24.512Z] > authorizing via signed-in user (saicharan@apextechsoftwareinstitute.com)
[debug] [2026-06-30T01:45:24.516Z] Checked if tokens are valid: true, expires at: 1782787469485
[debug] [2026-06-30T01:45:24.517Z] Checked if tokens are valid: true, expires at: 1782787469485
[debug] [2026-06-30T01:45:24.522Z] >>> [apiv2][query] GET https://firebase.googleapis.com/v1beta1/availableProjects pageSize=100
[debug] [2026-06-30T01:45:25.288Z] <<< [apiv2][status] GET https://firebase.googleapis.com/v1beta1/availableProjects 200
[debug] [2026-06-30T01:45:25.288Z] <<< [apiv2][body] GET https://firebase.googleapis.com/v1beta1/availableProjects [omitted]
[debug] [2026-06-30T01:45:27.604Z] Checked if tokens are valid: true, expires at: 1782787469485
[debug] [2026-06-30T01:45:27.604Z] Checked if tokens are valid: true, expires at: 1782787469485
[debug] [2026-06-30T01:45:27.605Z] >>> [apiv2][query] POST https://firebase.googleapis.com/v1beta1/projects/apex-501001:addFirebase [none]
[debug] [2026-06-30T01:45:28.089Z] <<< [apiv2][status] POST https://firebase.googleapis.com/v1beta1/projects/apex-501001:addFirebase 403
[debug] [2026-06-30T01:45:28.090Z] <<< [apiv2][body] POST https://firebase.googleapis.com/v1beta1/projects/apex-501001:addFirebase {"error":{"code":403,"message":"The caller does not have permission","status":"PERMISSION_DENIED"}}
[debug] [2026-06-30T01:45:28.093Z] Request to https://firebase.googleapis.com/v1beta1/projects/apex-501001:addFirebase had HTTP Error: 403, The caller does not have permission
[debug] [2026-06-30T01:45:28.230Z] FirebaseError: Request to https://firebase.googleapis.com/v1beta1/projects/apex-501001:addFirebase had HTTP Error: 403, The caller does not have permission
    at responseToError (/home/sathish/.nvm/versions/node/v24.18.0/lib/node_modules/firebase-tools/lib/responseToError.js:53:12)
    at RetryOperation._fn (/home/sathish/.nvm/versions/node/v24.18.0/lib/node_modules/firebase-tools/lib/apiv2.js:381:77)
    at process.processTicksAndRejections (node:internal/process/task_queues:104:5)
[error] 
[error] Error: Failed to add Firebase to Google Cloud Platform project. See firebase-debug.log for more info.
[debug] [2026-06-30T01:46:45.150Z] ----------------------------------------------------------------------
[debug] [2026-06-30T01:46:45.158Z] Command:       /home/sathish/.nvm/versions/node/v24.18.0/bin/node /home/sathish/.nvm/versions/node/v24.18.0/bin/firebase init apphosting
[debug] [2026-06-30T01:46:45.159Z] CLI Version:   15.22.3
[debug] [2026-06-30T01:46:45.159Z] Platform:      linux
[debug] [2026-06-30T01:46:45.159Z] Node Version:  v24.18.0
[debug] [2026-06-30T01:46:45.159Z] Detected Agent: unknown
[debug] [2026-06-30T01:46:45.160Z] Time:          Tue Jun 30 2026 07:16:45 GMT+0530 (India Standard Time)
[debug] [2026-06-30T01:46:45.160Z] ----------------------------------------------------------------------
[debug] 
[info] 
     ######## #### ########  ######## ########     ###     ######  ########
     ##        ##  ##     ## ##       ##     ##  ##   ##  ##       ##
     ######    ##  ########  ######   ########  #########  ######  ######
     ##        ##  ##    ##  ##       ##     ## ##     ##       ## ##
     ##       #### ##     ## ######## ########  ##     ##  ######  ########

You're about to initialize a Firebase project in this directory:

  /home/sathish/Desktop/projects/apex

[info] 
=== Project Setup
[info] 
[info] First, let's associate this project directory with a Firebase project.
[info] You can create multiple project aliases by running firebase use --add, 
[info] 
[debug] [2026-06-30T01:46:57.740Z] > command requires scopes: ["email","openid","https://www.googleapis.com/auth/cloudplatformprojects.readonly","https://www.googleapis.com/auth/firebase","https://www.googleapis.com/auth/cloud-platform"]
[debug] [2026-06-30T01:46:57.741Z] > authorizing via signed-in user (saicharan@apextechsoftwareinstitute.com)
[debug] [2026-06-30T01:46:57.743Z] Checked if tokens are valid: true, expires at: 1782787469485
[debug] [2026-06-30T01:46:57.743Z] Checked if tokens are valid: true, expires at: 1782787469485
[debug] [2026-06-30T01:46:57.754Z] >>> [apiv2][query] GET https://firebase.googleapis.com/v1beta1/availableProjects pageSize=100
[debug] [2026-06-30T01:46:58.599Z] <<< [apiv2][status] GET https://firebase.googleapis.com/v1beta1/availableProjects 200
[debug] [2026-06-30T01:46:58.599Z] <<< [apiv2][body] GET https://firebase.googleapis.com/v1beta1/availableProjects [omitted]
[debug] [2026-06-30T01:46:59.981Z] Checked if tokens are valid: true, expires at: 1782787469485
[debug] [2026-06-30T01:46:59.981Z] Checked if tokens are valid: true, expires at: 1782787469485
[debug] [2026-06-30T01:46:59.981Z] >>> [apiv2][query] POST https://firebase.googleapis.com/v1beta1/projects/apex-501001:addFirebase [none]
[debug] [2026-06-30T01:47:00.787Z] <<< [apiv2][status] POST https://firebase.googleapis.com/v1beta1/projects/apex-501001:addFirebase 403
[debug] [2026-06-30T01:47:00.788Z] <<< [apiv2][body] POST https://firebase.googleapis.com/v1beta1/projects/apex-501001:addFirebase {"error":{"code":403,"message":"The caller does not have permission","status":"PERMISSION_DENIED"}}
[debug] [2026-06-30T01:47:00.791Z] Request to https://firebase.googleapis.com/v1beta1/projects/apex-501001:addFirebase had HTTP Error: 403, The caller does not have permission
[debug] [2026-06-30T01:47:00.935Z] FirebaseError: Request to https://firebase.googleapis.com/v1beta1/projects/apex-501001:addFirebase had HTTP Error: 403, The caller does not have permission
    at responseToError (/home/sathish/.nvm/versions/node/v24.18.0/lib/node_modules/firebase-tools/lib/responseToError.js:53:12)
    at RetryOperation._fn (/home/sathish/.nvm/versions/node/v24.18.0/lib/node_modules/firebase-tools/lib/apiv2.js:381:77)
    at process.processTicksAndRejections (node:internal/process/task_queues:104:5)
[error] 
[error] Error: Failed to add Firebase to Google Cloud Platform project. See firebase-debug.log for more info.
[debug] [2026-06-30T01:47:19.107Z] ----------------------------------------------------------------------
[debug] [2026-06-30T01:47:19.110Z] Command:       /home/sathish/.nvm/versions/node/v24.18.0/bin/node /home/sathish/.nvm/versions/node/v24.18.0/bin/firebase init apphosting
[debug] [2026-06-30T01:47:19.111Z] CLI Version:   15.22.3
[debug] [2026-06-30T01:47:19.111Z] Platform:      linux
[debug] [2026-06-30T01:47:19.111Z] Node Version:  v24.18.0
[debug] [2026-06-30T01:47:19.112Z] Detected Agent: unknown
[debug] [2026-06-30T01:47:19.112Z] Time:          Tue Jun 30 2026 07:17:19 GMT+0530 (India Standard Time)
[debug] [2026-06-30T01:47:19.112Z] ----------------------------------------------------------------------
[debug] 
[info] 
     ######## #### ########  ######## ########     ###     ######  ########
     ##        ##  ##     ## ##       ##     ##  ##   ##  ##       ##
     ######    ##  ########  ######   ########  #########  ######  ######
     ##        ##  ##    ##  ##       ##     ## ##     ##       ## ##
     ##       #### ##     ## ######## ########  ##     ##  ######  ########

You're about to initialize a Firebase project in this directory:

  /home/sathish/Desktop/projects/apex

[info] 
=== Project Setup
[info] 
[info] First, let's associate this project directory with a Firebase project.
[info] You can create multiple project aliases by running firebase use --add, 
[info] 
[debug] [2026-06-30T01:47:22.032Z] > command requires scopes: ["email","openid","https://www.googleapis.com/auth/cloudplatformprojects.readonly","https://www.googleapis.com/auth/firebase","https://www.googleapis.com/auth/cloud-platform"]
[debug] [2026-06-30T01:47:22.033Z] > authorizing via signed-in user (saicharan@apextechsoftwareinstitute.com)
[debug] [2026-06-30T01:47:22.037Z] Checked if tokens are valid: true, expires at: 1782787469485
[debug] [2026-06-30T01:47:22.038Z] Checked if tokens are valid: true, expires at: 1782787469485
[debug] [2026-06-30T01:47:22.044Z] >>> [apiv2][query] GET https://firebase.googleapis.com/v1beta1/availableProjects pageSize=100
[debug] [2026-06-30T01:47:22.965Z] <<< [apiv2][status] GET https://firebase.googleapis.com/v1beta1/availableProjects 200
[debug] [2026-06-30T01:47:22.965Z] <<< [apiv2][body] GET https://firebase.googleapis.com/v1beta1/availableProjects [omitted]
[debug] [2026-06-30T01:47:23.869Z] Checked if tokens are valid: true, expires at: 1782787469485
[debug] [2026-06-30T01:47:23.870Z] Checked if tokens are valid: true, expires at: 1782787469485
[debug] [2026-06-30T01:47:23.870Z] >>> [apiv2][query] POST https://firebase.googleapis.com/v1beta1/projects/apex-501001:addFirebase [none]
[debug] [2026-06-30T01:47:24.717Z] <<< [apiv2][status] POST https://firebase.googleapis.com/v1beta1/projects/apex-501001:addFirebase 403
[debug] [2026-06-30T01:47:24.718Z] <<< [apiv2][body] POST https://firebase.googleapis.com/v1beta1/projects/apex-501001:addFirebase {"error":{"code":403,"message":"The caller does not have permission","status":"PERMISSION_DENIED"}}
[debug] [2026-06-30T01:47:24.721Z] Request to https://firebase.googleapis.com/v1beta1/projects/apex-501001:addFirebase had HTTP Error: 403, The caller does not have permission
[debug] [2026-06-30T01:47:25.212Z] FirebaseError: Request to https://firebase.googleapis.com/v1beta1/projects/apex-501001:addFirebase had HTTP Error: 403, The caller does not have permission
    at responseToError (/home/sathish/.nvm/versions/node/v24.18.0/lib/node_modules/firebase-tools/lib/responseToError.js:53:12)
    at RetryOperation._fn (/home/sathish/.nvm/versions/node/v24.18.0/lib/node_modules/firebase-tools/lib/apiv2.js:381:77)
    at process.processTicksAndRejections (node:internal/process/task_queues:104:5)
[error] 
[error] Error: Failed to add Firebase to Google Cloud Platform project. See firebase-debug.log for more info.
